#
# A fatal error has been detected by the Java Runtime Environment:
#
#  Internal Error (javaCalls.cpp:51), pid=15952, tid=0x0000219c
#  guarantee(thread->is_Java_thread()) failed: crucial check - the VM thread cannot and must not escape to Java code
#
# JRE version: Java(TM) SE Runtime Environment (8.0_211-b12) (build 1.8.0_211-b12)
# Java VM: Java HotSpot(TM) Client VM (25.211-b12 mixed mode windows-x86 )
# Failed to write core dump. Minidumps are not enabled by default on client versions of Windows
#
# If you would like to submit a bug report, please visit:
#   http://bugreport.java.com/bugreport/crash.jsp
#

---------------  T H R E A D  ---------------

Current thread (0x15e62400):  VMThread [stack: 0x05980000,0x059d0000] [id=8604]

Stack: [0x05980000,0x059d0000],  sp=0x059cf154,  free space=316k
Native frames: (J=compiled Java code, j=interpreted, Vv=VM code, C=native code)
V  [jvm.dll+0x1ae2eb]
V  [jvm.dll+0x1a6775]
V  [jvm.dll+0x15bd8e]
V  [jvm.dll+0x15c2cf]
V  [jvm.dll+0x2251ee]
V  [jvm.dll+0x15c39e]
V  [jvm.dll+0x15c726]
V  [jvm.dll+0x1a75fa]
V  [jvm.dll+0x1a7664]
V  [jvm.dll+0x1a781a]
V  [jvm.dll+0x1a7866]
V  [jvm.dll+0xb2ceb]
V  [jvm.dll+0xb4ef6]
V  [jvm.dll+0xb66e8]
V  [jvm.dll+0x87951]
V  [jvm.dll+0x87fcd]
V  [jvm.dll+0x88118]
V  [jvm.dll+0x88368]
V  [jvm.dll+0xbeb8f]
V  [jvm.dll+0xce8bb]
V  [jvm.dll+0x12380d]
V  [jvm.dll+0x184ecb]
V  [jvm.dll+0x1842d1]
V  [jvm.dll+0x1846e7]
V  [jvm.dll+0x1848e2]
V  [jvm.dll+0x1c6a96]
C  [msvcr100.dll+0x5c556]
C  [msvcr100.dll+0x5c600]
C  [KERNEL32.DLL+0x16359]
C  [ntdll.dll+0x67b74]
C  [ntdll.dll+0x67b44]

VM_Operation (0x1642f420): GetOrSetLocal, mode: safepoint, requested by thread 0x15e97800


---------------  P R O C E S S  ---------------

Java Threads: ( => current thread )
  0x1704cc00 JavaThread "Okio Watchdog" daemon [_thread_blocked, id=6776, stack(0x17fc0000,0x18010000)]
  0x16f5f400 JavaThread "OkHttp ConnectionPool" daemon [_thread_blocked, id=16928, stack(0x17f30000,0x17f80000)]
  0x16f5e800 JavaThread "Exec Stream Pumper" daemon [_thread_in_native, id=7260, stack(0x17b80000,0x17bd0000)]
  0x16f5e400 JavaThread "Exec Stream Pumper" daemon [_thread_in_native, id=19580, stack(0x17af0000,0x17b40000)]
  0x16f5dc00 JavaThread "Exec Default Executor" daemon [_thread_in_native, id=7624, stack(0x179d0000,0x17a20000)]
  0x16929000 JavaThread "ReaderThread" [_thread_in_native, id=19948, stack(0x16b40000,0x16b90000)]
  0x15eb3400 JavaThread "Service Thread" daemon [_thread_blocked, id=18380, stack(0x16620000,0x16670000)]
  0x15eb1000 JavaThread "C1 CompilerThread0" daemon [_thread_blocked, id=19952, stack(0x16590000,0x165e0000)]
  0x15ea6800 JavaThread "JDWP Command Reader" daemon [_thread_in_native, id=20384, stack(0x16500000,0x16550000)]
  0x15e99c00 JavaThread "JDWP Event Helper Thread" daemon [_thread_blocked, id=18988, stack(0x16470000,0x164c0000)]
  0x15e97800 JavaThread "JDWP Transport Listener: dt_socket" daemon [_thread_blocked, id=4036, stack(0x163e0000,0x16430000)]
  0x15e9e800 JavaThread "Attach Listener" daemon [_thread_blocked, id=19212, stack(0x16350000,0x163a0000)]
  0x15e9a800 JavaThread "Signal Dispatcher" daemon [_thread_blocked, id=19632, stack(0x162c0000,0x16310000)]
  0x15e7ec00 JavaThread "Finalizer" daemon [_thread_blocked, id=11036, stack(0x16130000,0x16180000)]
  0x15e78c00 JavaThread "Reference Handler" daemon [_thread_blocked, id=19884, stack(0x160a0000,0x160f0000)]
  0x0368e800 JavaThread "main" [_thread_blocked, id=8412, stack(0x03630000,0x03680000)]

Other Threads:
=>0x15e62400 VMThread [stack: 0x05980000,0x059d0000] [id=8604]
  0x15eb5800 WatcherThread [stack: 0x166b0000,0x16700000] [id=12244]

VM state:at safepoint (normal execution)

VM Mutex/Monitor currently owned by a thread:  ([mutex/lock_event])
[0x0368e120] Threads_lock - owner thread: 0x15e62400

Heap:
 def new generation   total 4992K, used 1262K [0x05a00000, 0x05f60000, 0x0af50000)
  eden space 4480K,  16% used [0x05a00000, 0x05abbaf0, 0x05e60000)
  from space 512K, 100% used [0x05e60000, 0x05ee0000, 0x05ee0000)
  to   space 512K,   0% used [0x05ee0000, 0x05ee0000, 0x05f60000)
 tenured generation   total 10944K, used 9971K [0x0af50000, 0x0ba00000, 0x15a00000)
   the space 10944K,  91% used [0x0af50000, 0x0b90cff0, 0x0b90d000, 0x0ba00000)
 Metaspace       used 15415K, capacity 16023K, committed 16128K, reserved 16768K

Card table byte_map: [0x05850000,0x058e0000] byte_map_base: 0x05823000

Polling page: 0x03690000

CodeCache: size=32768Kb used=2000Kb max_used=2000Kb free=30768Kb
 bounds [0x037d0000, 0x039c8000, 0x057d0000]
 total_blobs=1080 nmethods=889 adapters=129
 compilation: enabled

Compilation events (10 events):
Event: 95.858 Thread 0x15eb1000  894             org.apache.xmlbeans.impl.schema.SchemaTypeImpl::computeAllContainedElements (137 bytes)
Event: 95.858 Thread 0x15eb1000 nmethod 894 0x039c1cc8 code [0x039c1e30, 0x039c2148]
Event: 95.864 Thread 0x15eb1000  895             org.apache.xmlbeans.QNameSetBuilder::addAllImpl (470 bytes)
Event: 95.865 Thread 0x15eb1000 nmethod 895 0x039c2548 code [0x039c2830, 0x039c2f30]
Event: 95.887 Thread 0x15eb1000  896             java.util.Collections$1::hasNext (5 bytes)
Event: 95.887 Thread 0x15eb1000 nmethod 896 0x039c3948 code [0x039c3a40, 0x039c3ac0]
Event: 96.145 Thread 0x15eb1000  897             org.apache.xmlbeans.impl.values.XmlObjectBase::get_store (32 bytes)
Event: 96.145 Thread 0x15eb1000 nmethod 897 0x039c3b08 code [0x039c3c20, 0x039c3d7c]
Event: 118.771 Thread 0x15eb1000  898             java.util.Arrays$ArrayList::size (6 bytes)
Event: 118.771 Thread 0x15eb1000 nmethod 898 0x039c3e48 code [0x039c3f40, 0x039c3fd0]

GC Heap History (10 events):
Event: 87.165 GC heap before
{Heap before GC invocations=7604 (full 1):
 def new generation   total 4992K, used 4507K [0x05a00000, 0x05f60000, 0x0af50000)
  eden space 4480K, 100% used [0x05a00000, 0x05e60000, 0x05e60000)
  from space 512K,   5% used [0x05ee0000, 0x05ee6c90, 0x05f60000)
  to   space 512K,   0% used [0x05e60000, 0x05e60000, 0x05ee0000)
 tenured generation   total 10944K, used 6460K [0x0af50000, 0x0ba00000, 0x15a00000)
   the space 10944K,  59% used [0x0af50000, 0x0b59f010, 0x0b59f200, 0x0ba00000)
 Metaspace       used 13157K, capacity 13736K, committed 13824K, reserved 14720K
Event: 87.167 GC heap after
Heap after GC invocations=7605 (full 1):
 def new generation   total 4992K, used 512K [0x05a00000, 0x05f60000, 0x0af50000)
  eden space 4480K,   0% used [0x05a00000, 0x05a00000, 0x05e60000)
  from space 512K, 100% used [0x05e60000, 0x05ee0000, 0x05ee0000)
  to   space 512K,   0% used [0x05ee0000, 0x05ee0000, 0x05f60000)
 tenured generation   total 10944K, used 6729K [0x0af50000, 0x0ba00000, 0x15a00000)
   the space 10944K,  61% used [0x0af50000, 0x0b5e2610, 0x0b5e2800, 0x0ba00000)
 Metaspace       used 13157K, capacity 13736K, committed 13824K, reserved 14720K
}
Event: 88.095 GC heap before
{Heap before GC invocations=7605 (full 1):
 def new generation   total 4992K, used 4992K [0x05a00000, 0x05f60000, 0x0af50000)
  eden space 4480K, 100% used [0x05a00000, 0x05e60000, 0x05e60000)
  from space 512K, 100% used [0x05e60000, 0x05ee0000, 0x05ee0000)
  to   space 512K,   0% used [0x05ee0000, 0x05ee0000, 0x05f60000)
 tenured generation   total 10944K, used 6729K [0x0af50000, 0x0ba00000, 0x15a00000)
   the space 10944K,  61% used [0x0af50000, 0x0b5e2610, 0x0b5e2800, 0x0ba00000)
 Metaspace       used 13870K, capacity 14440K, committed 14464K, reserved 14720K
Event: 88.096 GC heap after
Heap after GC invocations=7606 (full 1):
 def new generation   total 4992K, used 512K [0x05a00000, 0x05f60000, 0x0af50000)
  eden space 4480K,   0% used [0x05a00000, 0x05a00000, 0x05e60000)
  from space 512K, 100% used [0x05ee0000, 0x05f60000, 0x05f60000)
  to   space 512K,   0% used [0x05e60000, 0x05e60000, 0x05ee0000)
 tenured generation   total 10944K, used 7350K [0x0af50000, 0x0ba00000, 0x15a00000)
   the space 10944K,  67% used [0x0af50000, 0x0b67d9e0, 0x0b67da00, 0x0ba00000)
 Metaspace       used 13870K, capacity 14440K, committed 14464K, reserved 14720K
}
Event: 91.823 GC heap before
{Heap before GC invocations=7606 (full 1):
 def new generation   total 4992K, used 4992K [0x05a00000, 0x05f60000, 0x0af50000)
  eden space 4480K, 100% used [0x05a00000, 0x05e60000, 0x05e60000)
  from space 512K, 100% used [0x05ee0000, 0x05f60000, 0x05f60000)
  to   space 512K,   0% used [0x05e60000, 0x05e60000, 0x05ee0000)
 tenured generation   total 10944K, used 7350K [0x0af50000, 0x0ba00000, 0x15a00000)
   the space 10944K,  67% used [0x0af50000, 0x0b67d9e0, 0x0b67da00, 0x0ba00000)
 Metaspace       used 14161K, capacity 14728K, committed 14848K, reserved 15744K
Event: 91.827 GC heap after
Heap after GC invocations=7607 (full 1):
 def new generation   total 4992K, used 512K [0x05a00000, 0x05f60000, 0x0af50000)
  eden space 4480K,   0% used [0x05a00000, 0x05a00000, 0x05e60000)
  from space 512K, 100% used [0x05e60000, 0x05ee0000, 0x05ee0000)
  to   space 512K,   0% used [0x05ee0000, 0x05ee0000, 0x05f60000)
 tenured generation   total 10944K, used 8456K [0x0af50000, 0x0ba00000, 0x15a00000)
   the space 10944K,  77% used [0x0af50000, 0x0b792318, 0x0b792400, 0x0ba00000)
 Metaspace       used 14161K, capacity 14728K, committed 14848K, reserved 15744K
}
Event: 93.673 GC heap before
{Heap before GC invocations=7607 (full 1):
 def new generation   total 4992K, used 4980K [0x05a00000, 0x05f60000, 0x0af50000)
  eden space 4480K,  99% used [0x05a00000, 0x05e5d3d0, 0x05e60000)
  from space 512K, 100% used [0x05e60000, 0x05ee0000, 0x05ee0000)
  to   space 512K,   0% used [0x05ee0000, 0x05ee0000, 0x05f60000)
 tenured generation   total 10944K, used 8456K [0x0af50000, 0x0ba00000, 0x15a00000)
   the space 10944K,  77% used [0x0af50000, 0x0b792318, 0x0b792400, 0x0ba00000)
 Metaspace       used 14772K, capacity 15336K, committed 15360K, reserved 15744K
Event: 93.676 GC heap after
Heap after GC invocations=7608 (full 1):
 def new generation   total 4992K, used 512K [0x05a00000, 0x05f60000, 0x0af50000)
  eden space 4480K,   0% used [0x05a00000, 0x05a00000, 0x05e60000)
  from space 512K, 100% used [0x05ee0000, 0x05f60000, 0x05f60000)
  to   space 512K,   0% used [0x05e60000, 0x05e60000, 0x05ee0000)
 tenured generation   total 10944K, used 9394K [0x0af50000, 0x0ba00000, 0x15a00000)
   the space 10944K,  85% used [0x0af50000, 0x0b87c860, 0x0b87ca00, 0x0ba00000)
 Metaspace       used 14772K, capacity 15336K, committed 15360K, reserved 15744K
}
Event: 118.775 GC heap before
{Heap before GC invocations=7608 (full 1):
 def new generation   total 4992K, used 4992K [0x05a00000, 0x05f60000, 0x0af50000)
  eden space 4480K, 100% used [0x05a00000, 0x05e60000, 0x05e60000)
  from space 512K, 100% used [0x05ee0000, 0x05f60000, 0x05f60000)
  to   space 512K,   0% used [0x05e60000, 0x05e60000, 0x05ee0000)
 tenured generation   total 10944K, used 9394K [0x0af50000, 0x0ba00000, 0x15a00000)
   the space 10944K,  85% used [0x0af50000, 0x0b87c860, 0x0b87ca00, 0x0ba00000)
 Metaspace       used 15388K, capacity 15989K, committed 16000K, reserved 16768K
Event: 118.777 GC heap after
Heap after GC invocations=7609 (full 1):
 def new generation   total 4992K, used 512K [0x05a00000, 0x05f60000, 0x0af50000)
  eden space 4480K,   0% used [0x05a00000, 0x05a00000, 0x05e60000)
  from space 512K, 100% used [0x05e60000, 0x05ee0000, 0x05ee0000)
  to   space 512K,   0% used [0x05ee0000, 0x05ee0000, 0x05f60000)
 tenured generation   total 10944K, used 9971K [0x0af50000, 0x0ba00000, 0x15a00000)
   the space 10944K,  91% used [0x0af50000, 0x0b90cff0, 0x0b90d000, 0x0ba00000)
 Metaspace       used 15388K, capacity 15989K, committed 16000K, reserved 16768K
}

Deoptimization events (0 events):
No events

Classes redefined (4 events):
Event: 205.272 Thread 0x15e62400 redefined class name=com.Hcl.DirectCommerce.uiActions.Dashboard, count=1
Event: 304.102 Thread 0x15e62400 redefined class name=com.Hcl.DirectCommerce.CustomerSearch.Verify_the_heading_of_customer_search_page, count=1
Event: 319.816 Thread 0x15e62400 redefined class name=com.Hcl.DirectCommerce.CustomerSearch.Verify_the_heading_of_customer_search_page, count=2
Event: 356.554 Thread 0x15e62400 redefined class name=com.Hcl.DirectCommerce.CustomerSearch.Verify_the_heading_of_customer_search_page, count=3

Internal exceptions (10 events):
Event: 88.382 Thread 0x0368e800 Exception <a 'java/security/PrivilegedActionException'> (0x05b408e8) thrown at [C:\re\workspace\8-2-build-windows-i586-cygwin\jdk8u211\12973\hotspot\src\share\vm\prims\jvm.cpp, line 1502]
Event: 88.383 Thread 0x0368e800 Exception <a 'java/security/PrivilegedActionException'> (0x05b40ea8) thrown at [C:\re\workspace\8-2-build-windows-i586-cygwin\jdk8u211\12973\hotspot\src\share\vm\prims\jvm.cpp, line 1502]
Event: 88.395 Thread 0x0368e800 Exception <a 'java/security/PrivilegedActionException'> (0x05b48d60) thrown at [C:\re\workspace\8-2-build-windows-i586-cygwin\jdk8u211\12973\hotspot\src\share\vm\prims\jvm.cpp, line 1502]
Event: 88.397 Thread 0x0368e800 Exception <a 'java/security/PrivilegedActionException'> (0x05b49320) thrown at [C:\re\workspace\8-2-build-windows-i586-cygwin\jdk8u211\12973\hotspot\src\share\vm\prims\jvm.cpp, line 1502]
Event: 88.410 Thread 0x0368e800 Exception <a 'java/security/PrivilegedActionException'> (0x05b51030) thrown at [C:\re\workspace\8-2-build-windows-i586-cygwin\jdk8u211\12973\hotspot\src\share\vm\prims\jvm.cpp, line 1502]
Event: 88.411 Thread 0x0368e800 Exception <a 'java/security/PrivilegedActionException'> (0x05b515f0) thrown at [C:\re\workspace\8-2-build-windows-i586-cygwin\jdk8u211\12973\hotspot\src\share\vm\prims\jvm.cpp, line 1502]
Event: 118.753 Thread 0x0368e800 Exception <a 'java/net/SocketTimeoutException': Read timed out> (0x05e16830) thrown at [C:\re\workspace\8-2-build-windows-i586-cygwin\jdk8u211\12973\hotspot\src\share\vm\prims\jni.cpp, line 736]
Event: 118.772 Thread 0x0368e800 Exception <a 'java/lang/NoSuchMethodError': java.lang.Object.lambda$comparing$77a9974f$1(Ljava/util/function/Function;Ljava/lang/Object;Ljava/lang/Object;)I> (0x05e4ca58) thrown at [C:\re\workspace\8-2-build-windows-i586-cygwin\jdk8u211\12973\hotspot\src\
Event: 134.710 Thread 0x0368e800 Exception <a 'java/net/SocketTimeoutException': Read timed out> (0x05a2c820) thrown at [C:\re\workspace\8-2-build-windows-i586-cygwin\jdk8u211\12973\hotspot\src\share\vm\prims\jni.cpp, line 736]
Event: 228.834 Thread 0x0368e800 Exception <a 'java/net/SocketTimeoutException': Read timed out> (0x05a788f8) thrown at [C:\re\workspace\8-2-build-windows-i586-cygwin\jdk8u211\12973\hotspot\src\share\vm\prims\jni.cpp, line 736]

Events (10 events):
Event: 356.572 Executing VM operation: ChangeBreakpoints done
Event: 356.581 Executing VM operation: ChangeBreakpoints
Event: 356.581 Executing VM operation: ChangeBreakpoints done
Event: 356.584 Executing VM operation: EnterInterpOnlyMode
Event: 356.584 Executing VM operation: EnterInterpOnlyMode done
Event: 356.584 Executing VM operation: GetCurrentLocation
Event: 356.584 Executing VM operation: GetCurrentLocation done
Event: 356.584 Executing VM operation: ChangeSingleStep
Event: 356.584 Executing VM operation: ChangeSingleStep done
Event: 356.585 Executing VM operation: GetOrSetLocal


Dynamic libraries:
0x00740000 - 0x00773000 	C:\Program Files (x86)\Java\jdk1.8.0_211\bin\javaw.exe
0x01740000 - 0x018da000 	C:\WINDOWS\SYSTEM32\ntd1l.dll
0x015e0000 - 0x016c0000 	C:\WINDOWS\System32\kern3l32.dll
0x76fa0000 - 0x7713a000 	C:\WINDOWS\SYSTEM32\ntdll.dll
0x75580000 - 0x75660000 	C:\WINDOWS\System32\KERNEL32.DLL
0x762e0000 - 0x764dd000 	C:\WINDOWS\System32\KERNELBASE.dll
0x74640000 - 0x74756000 	C:\Program Files\SentinelOne\Sentinel Agent 3.2.2.50\InProcessClient32.dll
0x765a0000 - 0x76619000 	C:\WINDOWS\System32\ADVAPI32.dll
0x764e0000 - 0x7659f000 	C:\WINDOWS\System32\msvcrt.dll
0x75130000 - 0x751a6000 	C:\WINDOWS\System32\sechost.dll
0x76220000 - 0x762db000 	C:\WINDOWS\System32\RPCRT4.dll
0x74770000 - 0x74790000 	C:\WINDOWS\System32\SspiCli.dll
0x74760000 - 0x7476a000 	C:\WINDOWS\System32\CRYPTBASE.dll
0x75080000 - 0x750df000 	C:\WINDOWS\System32\bcryptPrimitives.dll
0x753b0000 - 0x75547000 	C:\WINDOWS\System32\USER32.dll
0x75df0000 - 0x75e07000 	C:\WINDOWS\System32\win32u.dll
0x750e0000 - 0x75101000 	C:\WINDOWS\System32\GDI32.dll
0x74de0000 - 0x74f3a000 	C:\WINDOWS\System32\gdi32full.dll
0x74d60000 - 0x74ddc000 	C:\WINDOWS\System32\msvcp_win.dll
0x760a0000 - 0x761bf000 	C:\WINDOWS\System32\ucrtbase.dll
0x6cb70000 - 0x6cd7f000 	C:\WINDOWS\WinSxS\x86_microsoft.windows.common-controls_6595b64144ccf1df_6.0.18362.657_none_2e72ec50278a619e\COMCTL32.dll
0x75e20000 - 0x76095000 	C:\WINDOWS\System32\combase.dll
0x76620000 - 0x76645000 	C:\WINDOWS\System32\IMM32.DLL
0x739f0000 - 0x739f8000 	C:\WINDOWS\SYSTEM32\VERSION.dll
0x7bf30000 - 0x7bfef000 	C:\Program Files (x86)\Java\jdk1.8.0_211\jre\bin\msvcr100.dll
0x78320000 - 0x786f5000 	C:\Program Files (x86)\Java\jdk1.8.0_211\jre\bin\client\jvm.dll
0x76820000 - 0x76826000 	C:\WINDOWS\System32\PSAPI.DLL
0x6cd90000 - 0x6cd98000 	C:\WINDOWS\SYSTEM32\WSOCK32.dll
0x75700000 - 0x7575e000 	C:\WINDOWS\System32\WS2_32.dll
0x5ddc0000 - 0x5dde4000 	C:\WINDOWS\SYSTEM32\WINMM.dll
0x5dca0000 - 0x5dcc3000 	C:\WINDOWS\SYSTEM32\WINMMBASE.dll
0x76f50000 - 0x76f8b000 	C:\WINDOWS\System32\cfgmgr32.dll
0x5cbb0000 - 0x5cbbc000 	C:\Program Files (x86)\Java\jdk1.8.0_211\jre\bin\verify.dll
0x5cb80000 - 0x5cba1000 	C:\Program Files (x86)\Java\jdk1.8.0_211\jre\bin\java.dll
0x54ac0000 - 0x54aeb000 	C:\Program Files (x86)\Java\jdk1.8.0_211\jre\bin\jdwp.dll
0x54310000 - 0x54317000 	C:\Program Files (x86)\Java\jdk1.8.0_211\jre\bin\npt.dll
0x542f0000 - 0x54304000 	C:\Program Files (x86)\Java\jdk1.8.0_211\jre\bin\zip.dll
0x75760000 - 0x75cda000 	C:\WINDOWS\System32\SHELL32.dll
0x76840000 - 0x768c4000 	C:\WINDOWS\System32\shcore.dll
0x74790000 - 0x74d55000 	C:\WINDOWS\System32\windows.storage.dll
0x74fa0000 - 0x74fb7000 	C:\WINDOWS\System32\profapi.dll
0x768d0000 - 0x76913000 	C:\WINDOWS\System32\powrprof.dll
0x753a0000 - 0x753ad000 	C:\WINDOWS\System32\UMPDC.dll
0x75350000 - 0x75394000 	C:\WINDOWS\System32\shlwapi.dll
0x75570000 - 0x7557f000 	C:\WINDOWS\System32\kernel.appcore.dll
0x756e0000 - 0x756f3000 	C:\WINDOWS\System32\cryptsp.dll
0x542e0000 - 0x542e8000 	C:\Program Files (x86)\Java\jdk1.8.0_211\jre\bin\dt_socket.dll
0x72b60000 - 0x72b71000 	C:\WINDOWS\system32\napinsp.dll
0x72b40000 - 0x72b56000 	C:\WINDOWS\system32\pnrpnsp.dll
0x737c0000 - 0x73812000 	C:\WINDOWS\System32\mswsock.dll
0x72c10000 - 0x72ca1000 	C:\WINDOWS\SYSTEM32\DNSAPI.dll
0x74fc0000 - 0x74fc7000 	C:\WINDOWS\System32\NSI.dll
0x73f80000 - 0x73fb2000 	C:\WINDOWS\SYSTEM32\IPHLPAPI.DLL
0x72b30000 - 0x72b3b000 	C:\WINDOWS\System32\winrnr.dll
0x72b10000 - 0x72b26000 	C:\WINDOWS\system32\NLAapi.dll
0x72b00000 - 0x72b10000 	C:\WINDOWS\system32\wshbth.dll
0x72bb0000 - 0x72c01000 	C:\WINDOWS\System32\fwpuclnt.dll
0x75110000 - 0x75129000 	C:\WINDOWS\System32\bcrypt.dll
0x6db40000 - 0x6db48000 	C:\Windows\System32\rasadhlp.dll
0x542c0000 - 0x542d5000 	C:\Program Files (x86)\Java\jdk1.8.0_211\jre\bin\net.dll
0x72f00000 - 0x730ab000 	C:\WINDOWS\SYSTEM32\urlmon.dll
0x72cd0000 - 0x72ef9000 	C:\WINDOWS\SYSTEM32\iertutil.dll
0x73790000 - 0x737bf000 	C:\WINDOWS\system32\rsaenh.dll
0x734c0000 - 0x734de000 	C:\WINDOWS\SYSTEM32\USERENV.dll
0x73770000 - 0x73783000 	C:\WINDOWS\SYSTEM32\dhcpcsvc6.DLL
0x72cb0000 - 0x72cc5000 	C:\WINDOWS\SYSTEM32\dhcpcsvc.DLL
0x542b0000 - 0x542bf000 	C:\Program Files (x86)\Java\jdk1.8.0_211\jre\bin\nio.dll
0x77910000 - 0x77930000 	C:\Program Files (x86)\Java\jdk1.8.0_211\jre\bin\sunec.dll
0x77900000 - 0x77909000 	C:\Program Files (x86)\Java\jdk1.8.0_211\jre\bin\sunmscapi.dll
0x76dc0000 - 0x76ebb000 	C:\WINDOWS\System32\CRYPT32.dll
0x76830000 - 0x7683e000 	C:\WINDOWS\System32\MSASN1.dll
0x73850000 - 0x739df000 	C:\WINDOWS\SYSTEM32\dbghelp.dll

VM Arguments:
jvm_args: -agentlib:jdwp=transport=dt_socket,suspend=y,address=localhost:63540 -ea -Dfile.encoding=Cp1252 
java_command: org.testng.remote.RemoteTestNG -serport 63538 -protocol json -d C:\Users\1025604\eclipse-workspace\DirectCommerce\test-output C:\Users\1025604\AppData\Local\Temp\testng-eclipse-1208243053\testng-customsuite.xml
java_class_path (initial): C:\Users\1025604\Downloads\eclipse-java-oxygen-R-win32\eclipse\plugins\org.testng.eclipse_6.10.0.201612030230\lib\testng-remote.jar;C:\Users\1025604\eclipse-workspace\DirectCommerce\target\test-classes;C:\Users\1025604\eclipse-workspace\DirectCommerce\target\classes;C:\Users\1025604\.m2\repository\org\testng\testng\6.10\testng-6.10.jar;C:\Users\1025604\.m2\repository\com\beust\jcommander\1.48\jcommander-1.48.jar;C:\Users\1025604\.m2\repository\log4j\log4j\1.2.14\log4j-1.2.14.jar;C:\Users\1025604\.m2\repository\org\apache\poi\poi\3.15\poi-3.15.jar;C:\Users\1025604\.m2\repository\commons-codec\commons-codec\1.10\commons-codec-1.10.jar;C:\Users\1025604\.m2\repository\org\apache\commons\commons-collections4\4.1\commons-collections4-4.1.jar;C:\Users\1025604\.m2\repository\org\apache\poi\poi-ooxml\3.15\poi-ooxml-3.15.jar;C:\Users\1025604\.m2\repository\org\apache\poi\poi-ooxml-schemas\3.15\poi-ooxml-schemas-3.15.jar;C:\Users\1025604\.m2\repository\org\apache\xmlbeans\xmlbeans\2.6.0\xmlbeans-2.6.0.jar;C:\Users\1025604\.m2\repository\stax\stax-api\1.0.1\stax-api-1.0.1.jar;C:\Users\1025604\.m2\repository\com\github\virtuald\curvesapi\1.04\curvesapi-1.04.jar;C:\Users\1025604\.m2\repository\com\relevantcodes\extentreports\2.40.2\extentreports-2.40.2.jar;C:\Users\1025604\.m2\repository\org\jsoup\jsoup\1.8.3\jsoup-1.8.3.jar;C:\Users\1025604\.m2\repository\org\xerial\sqlite-jdbc\3.8.11.1\sqlite-jdbc-3.8.11.1.jar;C:\Users\1025604\.m2\repository\com\aventstack\extentreports\3.0.0\extentreports-3.0.0.jar;C:\Users\1025604\.m2\repository\org\mongodb\mongodb-driver\3.3.0\mongodb-driver-3.3.0.jar;C:\Users\1025604\.m2\repository\org\mongodb\bson\3.3.0\bson-3.3.0.jar;C:\Users\1025604\.m2\repository\org\mongodb\mongodb-driver-core\3.3.0\mongodb-driver-core-3.3.0.jar;C:\Users\1025604\.m2\repository\org\apache\httpcomponents\httpclient\4.5.2\httpclient-4.5.2.jar;C:\Users\1025604\.m2\repository\org\apache\httpcomponents\httpcore\4.4.4\httpcore-4.4.4.jar;C:\Users\1
Launcher Type: SUN_STANDARD

Environment Variables:
PATH=C:\Program Files (x86)\Java\jdk1.8.0_211\jre\bin;C:/Program Files (x86)/Java/jre1.8.0_211/bin/client;C:/Program Files (x86)/Java/jre1.8.0_211/bin;C:/Program Files (x86)/Java/jre1.8.0_211/lib/i386;C:\Program Files (x86)\Intel\Intel(R) Management Engine Components\iCLS\;C:\Program Files\Intel\Intel(R) Management Engine Components\iCLS\;C:\Program Files (x86)\Common Files\Oracle\Java\javapath;C:\WINDOWS\system32;C:\WINDOWS;C:\WINDOWS\System32\Wbem;C:\WINDOWS\System32\WindowsPowerShell\v1.0\;C:\WINDOWS\System32\OpenSSH\;C:\Program Files (x86)\Intel\Intel(R) Management Engine Components\DAL;C:\Program Files\Intel\Intel(R) Management Engine Components\DAL;C:\Program Files (x86)\Intel\Intel(R) Management Engine Components\IPT;C:\Program Files\Intel\Intel(R) Management Engine Components\IPT;C:\Program Files\Intel\WiFi\bin\;C:\Program Files\Common Files\Intel\WirelessCommon\;C:\Program Files\Microsoft SQL Server\110\DTS\Binn\;C:\Program Files (x86)\Microsoft SQL Server\110\Tools\Binn\;C:\Program Files\Microsoft SQL Server\110\Tools\Binn\;C:\Program Files (x86)\Microsoft SQL Server\110\Tools\Binn\ManagementStudio\;C:\Program Files (x86)\Microsoft Visual Studio 10.0\Common7\IDE\PrivateAssemblies\;C:\Program Files (x86)\Microsoft SQL Server\110\DTS\Binn\;C:\Program Files (x86)\Java\jdk1.8.0_211\bin;%USERPROFILE%\AppData\Local\Microsoft\WindowsApps;;C:\Users\1025604\Downloads\eclipse-java-oxygen-R-win32\eclipse;
USERNAME=1025604
OS=Windows_NT
PROCESSOR_IDENTIFIER=Intel64 Family 6 Model 158 Stepping 9, GenuineIntel



---------------  S Y S T E M  ---------------

OS: Windows 10.0 , 64 bit Build 18362 (10.0.18362.329)

CPU:total 8 (initial active 8) (4 cores per cpu, 2 threads per core) family 6 model 158 stepping 9, cmov, cx8, fxsr, mmx, sse, sse2, sse3, ssse3, sse4.1, sse4.2, popcnt, avx, avx2, aes, clmul, erms, rtm, 3dnowpref, lzcnt, ht, tsc, tscinvbit, bmi1, bmi2, adx

Memory: 4k page, physical 16655892k(8457884k free), swap 19146260k(8129640k free)

vm_info: Java HotSpot(TM) Client VM (25.211-b12) for windows-x86 JRE (1.8.0_211-b12), built on Apr  1 2019 20:53:53 by "java_re" with MS VC++ 10.0 (VS2010)

time: Mon Apr 06 15:50:15 2020
timezone: India Standard Time
elapsed time: 356 seconds (0d 0h 5m 56s)

